Upload: teeworlds.png
Type: image/png
Size: 0.13040351867676 Mbytes
Temp file: /tmp/phpIJqCwj
Stored in: uploaded_files/8dLUXhWCLjFBWgpGhEUm.png

Upload: quake.jpg
Type: image/jpeg
Size: 0.26995468139648 Mbytes
Temp file: /tmp/phpMWx1C5
Stored in: uploaded_files/tdTuK6ZlekrnQSEDIcZU.jpg

Upload: events_winter_2013.png
Type: image/png
Size: 0.037153244018555 Mbytes
Temp file: /tmp/phpuyAN8M
Stored in: uploaded_files/pcp3LUAWOgHRWmOzY3t7.png

Upload: 2013-03-31_00001.jpg
Type: image/jpeg
Size: 0.30231094360352 Mbytes
Temp file: /tmp/phpXYVHxO
Stored in: uploaded_files/QRm8ptBcpahAiuMH8Mve.jpg

Upload: warlocks.jpg
Type: image/jpeg
Size: 0.22742748260498 Mbytes
Temp file: /tmp/phpcrF3dS
Stored in: uploaded_files/6BjHzPbU917ez2jfE7ss.jpg

Upload: warlocks (1).jpg
Type: image/jpeg
Size: 0.23319149017334 Mbytes
Temp file: /tmp/phpqeDdMf
Stored in: uploaded_files/qlEQae5gaC8DllEjpf1T.jpg

Upload: quakenew.jpg
Type: image/jpeg
Size: 0.27635669708252 Mbytes
Temp file: /tmp/phpcKj5YL
Stored in: uploaded_files/nHOuRoO9jUDOVb2gplto.jpg

Upload: events_winter_2013.png
Type: image/png
Size: 0.037781715393066 Mbytes
Temp file: /tmp/php93FWxX
Stored in: uploaded_files/Ln7SMtoJTWXLAGSMIXfB.png

Upload: Gør som Kirby 768.png
Type: image/png
Size: 0.4136266708374 Mbytes
Temp file: /tmp/phpXXgXGJ
Stored in: uploaded_files/STswWlFUTAVcZGetdQH4.png

Upload: Hearthstone-turnering 768.png
Type: image/png
Size: 0.19496250152588 Mbytes
Temp file: /tmp/phpjZ0Ym9
Stored in: uploaded_files/QrgoczaKViUR3bdNeG9d.png

Upload: Hjemmenas.dk med TS3.jpg
Type: image/jpeg
Size: 0.3125057220459 Mbytes
Temp file: /tmp/phpQQpHbw
Stored in: uploaded_files/VgvmcXQXvkFqbfTb2Fik.jpg

Upload: Hjemmenas.dk med TS3.jpg
Type: image/jpeg
Size: 0.3125057220459 Mbytes
Temp file: /tmp/phplcbf2T
Stored in: uploaded_files/391RWBud3VZRdgb9TDCc.jpg

Upload: Hjemmenas.dk med TS3.jpg
Type: image/jpeg
Size: 0.3125057220459 Mbytes
Temp file: /tmp/phpA0JJcI
Stored in: uploaded_files/5SYOcLqfr2cqpmPKOQgQ.jpg

Upload: Score.png
Type: image/png
Size: 0.010927200317383 Mbytes
Temp file: /tmp/phpZ2QiRh
Stored in: uploaded_files/ocJF2NQSYCVS1l5Nq25M.png

Upload: Score 768.png
Type: image/png
Size: 0.037173271179199 Mbytes
Temp file: /tmp/phpkdNbMt
Stored in: uploaded_files/nPRQmw2haPTymujyKbkG.png

Upload: Score1.png
Type: image/png
Size: 0.011055946350098 Mbytes
Temp file: /tmp/php3YR6qV
Stored in: uploaded_files/oTOjZCsgbukzCfps643V.png

Upload: Score2.png
Type: image/png
Size: 0.010701179504395 Mbytes
Temp file: /tmp/phpj4ZLC8
Stored in: uploaded_files/zpsNv2oDrCohvCWRirc8.png

Upload: Score3.png
Type: image/png
Size: 0.010799407958984 Mbytes
Temp file: /tmp/phpDanLeW
Stored in: uploaded_files/dz58U4smMJ9p21KO9ObW.png

Upload: Score3.png
Type: image/png
Size: 0.010799407958984 Mbytes
Temp file: /tmp/phpjxvs2I
Stored in: uploaded_files/HH8OMYpUot2kEQBpfqR5.png

Upload: Score4.png
Type: image/png
Size: 0.011161804199219 Mbytes
Temp file: /tmp/phpS7YMHz
Stored in: uploaded_files/Ypr9uMJjHRrTxGXLPpoc.png

Upload: Score5.png
Type: image/png
Size: 0.013301849365234 Mbytes
Temp file: /tmp/php5LPFft
Stored in: uploaded_files/bjaskzN7kS1xj3Z39xNN.png

Upload: Worms turnering.png
Type: image/png
Size: 0.37732124328613 Mbytes
Temp file: /tmp/phpVN503V
Stored in: uploaded_files/fR8d8Sx9gUMsFloPULzx.png

Upload: Worms turnering.png
Type: image/png
Size: 0.36962795257568 Mbytes
Temp file: /tmp/phpTzLWdN
Stored in: uploaded_files/TOwvXAHTXh71k6bId8UL.png

Upload: worms bracket.png
Type: image/png
Size: 0.0032072067260742 Mbytes
Temp file: /tmp/phpeeKXi2
Stored in: uploaded_files/zxzqDNqYRWt7ab4a9Zil.png

